[08:44:35.505] [INFO] storybook v10.2.1
[08:44:35.827] [DEBUG] Getting package.json info for /Users/sergio/projects/production-project/package.json...
[08:44:36.310] [INFO] Starting...
[08:44:36.516] [DEBUG] Starting preview..
[08:44:36.526] [INFO] Addon-docs: using MDX3
[08:44:36.541] [INFO] Using implicit CSS loaders
[08:44:36.685] [INFO] Using default Webpack5 setup
[08:44:37.112] [DEBUG] Using tsconfig paths for react-docgen
[08:44:48.653] [ERROR] Failed to build the preview
[08:44:48.657] [WARN] Force closed preview build
[08:44:48.658] [ERROR] [38;2;241;97;97mSB_BUILDER-WEBPACK5_0003 (WebpackCompilationError): There were problems when compiling your code with Webpack.
Run Storybook with --debug-webpack for more information.[39m
    at starter (file://./node_modules/@storybook/react-webpack5/node_modules/@storybook/builder-webpack5/dist/index.js:799:11)
    at starter.next (<anonymous>)
    at Module.start (file://./node_modules/@storybook/react-webpack5/node_modules/@storybook/builder-webpack5/dist/index.js:857:34)
    at process.processTicksAndRejections (node:internal/process/task_queues:103:5)
    at async storybookDevServer (file://./node_modules/storybook/dist/core-server/index.js:7207:83)
    at async buildOrThrow (file://./node_modules/storybook/dist/core-server/index.js:4504:12)
    at async buildDevStandalone (file://./node_modules/storybook/dist/core-server/index.js:7577:66)
    at async withTelemetry (file://./node_modules/storybook/dist/_node-chunks/chunk-KNMEGL7N.js:218:12)
    at async dev (file://./node_modules/storybook/dist/bin/core.js:2734:3)
    at async _Command.<anonymous> (file://./node_modules/storybook/dist/bin/core.js:2801:92)
[08:44:48.660] [WARN] Broken build, fix the error above.
You may need to refresh the browser.